2014-06-19 11:41:34,083 - Trying to use logger class org.apache.velocity.runtime.log.SimpleLog4JLogSystem
2014-06-19 11:41:34,084 - LogSystem has been deprecated. Please use a LogChute implementation.
2014-06-19 11:41:34,090 - Default ResourceManager initializing. (class org.apache.velocity.runtime.resource.ResourceManagerImpl)
2014-06-19 11:41:34,096 - ResourceLoader instantiated: org.apache.velocity.runtime.resource.loader.FileResourceLoader
2014-06-19 11:41:34,097 - FileResourceLoader : initialization starting.
2014-06-19 11:41:34,097 - Do unicode file recognition:  false
2014-06-19 11:41:34,097 - FileResourceLoader : adding path 'C:\workspace\onapp\WebContent\.'
2014-06-19 11:41:34,097 - FileResourceLoader : initialization complete.
2014-06-19 11:41:34,136 - ResourceCache: initialized (class org.apache.velocity.runtime.resource.ResourceCacheImpl)
2014-06-19 11:41:34,136 - Default ResourceManager initialization complete.
2014-06-19 11:41:34,137 - Loaded System Directive: org.apache.velocity.runtime.directive.Literal
2014-06-19 11:41:34,138 - Loaded System Directive: org.apache.velocity.runtime.directive.Macro
2014-06-19 11:41:34,141 - Loaded System Directive: org.apache.velocity.runtime.directive.Parse
2014-06-19 11:41:34,199 - Loaded System Directive: org.apache.velocity.runtime.directive.Include
2014-06-19 11:41:34,200 - Loaded System Directive: org.apache.velocity.runtime.directive.Foreach
2014-06-19 11:41:34,230 - Created '20' parsers.
2014-06-19 11:41:34,239 - Velocimacro : initialization starting.
2014-06-19 11:41:34,240 - Velocimacro : adding VMs from VM library : VM_global_library.vm
2014-06-19 11:41:34,241 - ResourceManager : unable to find resource 'VM_global_library.vm' in any resource loader.
2014-06-19 11:41:34,241 - Velocimacro : Velocimacro : Error using VM library : VM_global_library.vm
2014-06-19 11:41:34,241 - org.apache.velocity.exception.ResourceNotFoundException: Unable to find resource 'VM_global_library.vm'
	at org.apache.velocity.runtime.resource.ResourceManagerImpl.loadResource(ResourceManagerImpl.java:452)
	at org.apache.velocity.runtime.resource.ResourceManagerImpl.getResource(ResourceManagerImpl.java:335)
	at org.apache.velocity.runtime.RuntimeInstance.getTemplate(RuntimeInstance.java:1102)
	at org.apache.velocity.runtime.RuntimeInstance.getTemplate(RuntimeInstance.java:1077)
	at org.apache.velocity.runtime.VelocimacroFactory.initVelocimacro(VelocimacroFactory.java:196)
	at org.apache.velocity.runtime.RuntimeInstance.init(RuntimeInstance.java:251)
	at org.apache.velocity.runtime.RuntimeInstance.init(RuntimeInstance.java:534)
	at org.apache.velocity.app.VelocityEngine.init(VelocityEngine.java:144)
	at lebah.listeners.ContextListener.contextInitialized(ContextListener.java:97)
	at org.apache.catalina.core.StandardContext.listenerStart(StandardContext.java:3830)
	at org.apache.catalina.core.StandardContext.start(StandardContext.java:4337)
	at org.apache.catalina.core.ContainerBase.addChildInternal(ContainerBase.java:791)
	at org.apache.catalina.core.ContainerBase.addChild(ContainerBase.java:771)
	at org.apache.catalina.core.StandardHost.addChild(StandardHost.java:525)
	at org.apache.catalina.startup.HostConfig.deployDescriptor(HostConfig.java:626)
	at org.apache.catalina.startup.HostConfig.deployDescriptors(HostConfig.java:553)
	at org.apache.catalina.startup.HostConfig.deployApps(HostConfig.java:488)
	at org.apache.catalina.startup.HostConfig.start(HostConfig.java:1138)
	at org.apache.catalina.startup.HostConfig.lifecycleEvent(HostConfig.java:311)
	at org.apache.catalina.util.LifecycleSupport.fireLifecycleEvent(LifecycleSupport.java:117)
	at org.apache.catalina.core.ContainerBase.start(ContainerBase.java:1053)
	at org.apache.catalina.core.StandardHost.start(StandardHost.java:719)
	at org.apache.catalina.core.ContainerBase.start(ContainerBase.java:1045)
	at org.apache.catalina.core.StandardEngine.start(StandardEngine.java:443)
	at org.apache.catalina.core.StandardService.start(StandardService.java:516)
	at org.apache.catalina.core.StandardServer.start(StandardServer.java:710)
	at org.apache.catalina.startup.Catalina.start(Catalina.java:566)
	at sun.reflect.NativeMethodAccessorImpl.invoke0(Native Method)
	at sun.reflect.NativeMethodAccessorImpl.invoke(NativeMethodAccessorImpl.java:39)
	at sun.reflect.DelegatingMethodAccessorImpl.invoke(DelegatingMethodAccessorImpl.java:25)
	at java.lang.reflect.Method.invoke(Method.java:597)
	at org.apache.catalina.startup.Bootstrap.start(Bootstrap.java:288)
	at org.apache.catalina.startup.Bootstrap.main(Bootstrap.java:413)

2014-06-19 11:41:34,241 - Velocimacro : VM library registration complete.
2014-06-19 11:41:34,241 - Velocimacro : allowInline = true : VMs can be defined inline in templates
2014-06-19 11:41:34,242 - Velocimacro : allowInlineToOverride = false : VMs defined inline may NOT replace previous VM definitions
2014-06-19 11:41:34,242 - Velocimacro : allowInlineLocal = false : VMs defined inline will be global in scope if allowed.
2014-06-19 11:41:34,242 - Velocimacro : autoload off : VM system will not automatically reload global library macros
2014-06-19 11:41:34,242 - Velocimacro : Velocimacro : initialization complete.
2014-06-19 11:41:34,242 - RuntimeInstance successfully initialized.
2019-02-13 05:23:02,697 - SimpleLog4JLogSystem initialized using logfile '/Users/Admin/eclipse-workspace/accountmy/WebContent/velocity.log'
2019-02-13 05:23:02,713 - *******************************************************************
2019-02-13 05:23:02,713 - Starting Apache Velocity v1.5 (compiled: 2007-02-22 08:52:29)
2019-02-13 05:23:02,713 - RuntimeInstance initializing.
2019-02-13 05:23:02,713 - Default Properties File: org/apache/velocity/runtime/defaults/velocity.properties
2019-02-13 05:23:02,713 - Trying to use logger class org.apache.velocity.runtime.log.AvalonLogSystem
2019-02-13 05:23:02,714 - Couldn't find class org.apache.velocity.runtime.log.AvalonLogSystem or necessary supporting classes in classpath.
2019-02-13 05:23:02,716 - java.lang.NoClassDefFoundError: org/apache/log/format/Formatter
	at java.lang.Class.forName0(Native Method)
	at java.lang.Class.forName(Class.java:348)
	at org.apache.velocity.util.ClassUtils.getClass(ClassUtils.java:63)
	at org.apache.velocity.util.ClassUtils.getNewInstance(ClassUtils.java:95)
	at org.apache.velocity.runtime.log.LogManager.createLogChute(LogManager.java:147)
	at org.apache.velocity.runtime.log.LogManager.updateLog(LogManager.java:208)
	at org.apache.velocity.runtime.RuntimeInstance.initializeLog(RuntimeInstance.java:728)
	at org.apache.velocity.runtime.RuntimeInstance.init(RuntimeInstance.java:240)
	at org.apache.velocity.runtime.RuntimeInstance.init(RuntimeInstance.java:534)
	at org.apache.velocity.app.VelocityEngine.init(VelocityEngine.java:144)
	at lebah.portal.velocity.VelocityEngineHolder.<init>(VelocityEngineHolder.java:24)
	at lebah.portal.velocity.VelocityEngineHolder.getInstance(VelocityEngineHolder.java:28)
	at lebah.portal.velocity.VServlet.initVelocity(VServlet.java:59)
	at fwd.main.AppController.doPost(AppController.java:54)
	at fwd.main.AppController.doGet(AppController.java:35)
	at javax.servlet.http.HttpServlet.service(HttpServlet.java:634)
	at javax.servlet.http.HttpServlet.service(HttpServlet.java:741)
	at org.apache.catalina.core.ApplicationFilterChain.internalDoFilter(ApplicationFilterChain.java:231)
	at org.apache.catalina.core.ApplicationFilterChain.doFilter(ApplicationFilterChain.java:166)
	at org.apache.tomcat.websocket.server.WsFilter.doFilter(WsFilter.java:53)
	at org.apache.catalina.core.ApplicationFilterChain.internalDoFilter(ApplicationFilterChain.java:193)
	at org.apache.catalina.core.ApplicationFilterChain.doFilter(ApplicationFilterChain.java:166)
	at org.apache.catalina.core.StandardWrapperValve.invoke(StandardWrapperValve.java:199)
	at org.apache.catalina.core.StandardContextValve.invoke(StandardContextValve.java:96)
	at org.apache.catalina.authenticator.AuthenticatorBase.invoke(AuthenticatorBase.java:490)
	at org.apache.catalina.core.StandardHostValve.invoke(StandardHostValve.java:139)
	at org.apache.catalina.valves.ErrorReportValve.invoke(ErrorReportValve.java:92)
	at org.apache.catalina.valves.AbstractAccessLogValve.invoke(AbstractAccessLogValve.java:668)
	at org.apache.catalina.core.StandardEngineValve.invoke(StandardEngineValve.java:74)
	at org.apache.catalina.connector.CoyoteAdapter.service(CoyoteAdapter.java:343)
	at org.apache.coyote.http11.Http11Processor.service(Http11Processor.java:408)
	at org.apache.coyote.AbstractProcessorLight.process(AbstractProcessorLight.java:66)
	at org.apache.coyote.AbstractProtocol$ConnectionHandler.process(AbstractProtocol.java:791)
	at org.apache.tomcat.util.net.NioEndpoint$SocketProcessor.doRun(NioEndpoint.java:1417)
	at org.apache.tomcat.util.net.SocketProcessorBase.run(SocketProcessorBase.java:49)
	at java.util.concurrent.ThreadPoolExecutor.runWorker(ThreadPoolExecutor.java:1142)
	at java.util.concurrent.ThreadPoolExecutor$Worker.run(ThreadPoolExecutor.java:617)
	at org.apache.tomcat.util.threads.TaskThread$WrappingRunnable.run(TaskThread.java:61)
	at java.lang.Thread.run(Thread.java:745)
Caused by: java.lang.ClassNotFoundException: org.apache.log.format.Formatter
	at org.apache.catalina.loader.WebappClassLoaderBase.loadClass(WebappClassLoaderBase.java:1328)
	at org.apache.catalina.loader.WebappClassLoaderBase.loadClass(WebappClassLoaderBase.java:1157)
	... 39 more

2019-02-13 05:23:02,716 - Trying to use logger class org.apache.velocity.runtime.log.SimpleLog4JLogSystem
2019-02-13 05:23:02,716 - LogSystem has been deprecated. Please use a LogChute implementation.
2019-02-13 05:23:02,720 - Default ResourceManager initializing. (class org.apache.velocity.runtime.resource.ResourceManagerImpl)
2019-02-13 05:23:02,724 - ResourceLoader instantiated: org.apache.velocity.runtime.resource.loader.FileResourceLoader
2019-02-13 05:23:02,725 - FileResourceLoader : initialization starting.
2019-02-13 05:23:02,725 - Do unicode file recognition:  false
2019-02-13 05:23:02,726 - FileResourceLoader : adding path '/Users/Admin/eclipse-workspace/accountmy/WebContent'
2019-02-13 05:23:02,726 - FileResourceLoader : initialization complete.
2019-02-13 05:23:02,750 - ResourceCache: initialized (class org.apache.velocity.runtime.resource.ResourceCacheImpl)
2019-02-13 05:23:02,751 - Default ResourceManager initialization complete.
2019-02-13 05:23:02,752 - Loaded System Directive: org.apache.velocity.runtime.directive.Literal
2019-02-13 05:23:02,754 - Loaded System Directive: org.apache.velocity.runtime.directive.Macro
2019-02-13 05:23:02,756 - Loaded System Directive: org.apache.velocity.runtime.directive.Parse
2019-02-13 05:23:02,758 - Loaded System Directive: org.apache.velocity.runtime.directive.Include
2019-02-13 05:23:02,759 - Loaded System Directive: org.apache.velocity.runtime.directive.Foreach
2019-02-13 05:23:02,792 - Created '20' parsers.
2019-02-13 05:23:02,803 - Velocimacro : initialization starting.
2019-02-13 05:23:02,803 - Velocimacro : "velocimacro.library" is not set.  Trying default library: VM_global_library.vm
2019-02-13 05:23:02,803 - Velocimacro : Default library not found.
2019-02-13 05:23:02,803 - Velocimacro : allowInline = true : VMs can be defined inline in templates
2019-02-13 05:23:02,803 - Velocimacro : allowInlineToOverride = false : VMs defined inline may NOT replace previous VM definitions
2019-02-13 05:23:02,804 - Velocimacro : allowInlineLocal = false : VMs defined inline will be global in scope if allowed.
2019-02-13 05:23:02,804 - Velocimacro : autoload off : VM system will not automatically reload global library macros
2019-02-13 05:23:02,804 - Velocimacro : Velocimacro : initialization complete.
2019-02-13 05:23:02,804 - RuntimeInstance successfully initialized.
2019-02-13 05:23:02,825 - ResourceManager : found vtl/main/title.vm with loader org.apache.velocity.runtime.resource.loader.FileResourceLoader
2019-02-13 05:23:02,845 - ResourceManager : found vtl/main/js_css.vm with loader org.apache.velocity.runtime.resource.loader.FileResourceLoader
2019-02-13 05:23:02,849 - Null reference [template 'vtl/main/js_css.vm', line 41, column 5] : $j cannot be resolved.
2019-02-13 05:23:02,849 - Null reference [template 'vtl/main/js_css.vm', line 205, column 16] : ${serverUrl} cannot be resolved.
2019-02-13 05:23:07,543 - ResourceManager : found vtl/ajax/ajax_main.vm with loader org.apache.velocity.runtime.resource.loader.FileResourceLoader
2019-02-13 05:23:07,573 - ResourceManager : found vtl/action/ajax/main.vm with loader org.apache.velocity.runtime.resource.loader.FileResourceLoader
2019-02-13 05:23:07,575 - ResourceManager : found vtl/action/ajax/messages.vm with loader org.apache.velocity.runtime.resource.loader.FileResourceLoader
2019-02-13 05:23:07,603 - ResourceManager : found app/start.vm with loader org.apache.velocity.runtime.resource.loader.FileResourceLoader
2019-02-13 05:23:07,613 - ResourceManager : found app/login.vm with loader org.apache.velocity.runtime.resource.loader.FileResourceLoader
2019-02-13 05:23:07,613 - ResourceManager : found app/bottom-menu.vm with loader org.apache.velocity.runtime.resource.loader.FileResourceLoader
2019-02-13 05:23:08,741 - ResourceManager : found vtl/main/title.vm with loader org.apache.velocity.runtime.resource.loader.FileResourceLoader
2019-02-13 05:23:08,791 - ResourceManager : found vtl/main/js_css.vm with loader org.apache.velocity.runtime.resource.loader.FileResourceLoader
2019-02-13 05:23:08,791 - Null reference [template 'vtl/main/js_css.vm', line 41, column 5] : $j cannot be resolved.
2019-02-13 05:23:08,791 - Null reference [template 'vtl/main/js_css.vm', line 205, column 16] : ${serverUrl} cannot be resolved.
2019-02-13 05:23:08,799 - ResourceManager : found vtl/ajax/ajax_main.vm with loader org.apache.velocity.runtime.resource.loader.FileResourceLoader
2019-02-13 05:23:08,811 - ResourceManager : found vtl/action/ajax/main.vm with loader org.apache.velocity.runtime.resource.loader.FileResourceLoader
2019-02-13 05:23:08,812 - ResourceManager : found vtl/action/ajax/messages.vm with loader org.apache.velocity.runtime.resource.loader.FileResourceLoader
2019-02-13 05:23:08,853 - ResourceManager : found app/hello.vm with loader org.apache.velocity.runtime.resource.loader.FileResourceLoader
2019-02-13 05:23:08,875 - ResourceManager : found app/omg.vm with loader org.apache.velocity.runtime.resource.loader.FileResourceLoader
2019-02-13 05:23:12,904 - ResourceManager : found vtl/ajax/div_main.vm with loader org.apache.velocity.runtime.resource.loader.FileResourceLoader
2019-02-13 05:23:12,908 - ResourceManager : found vtl/action/ajax/main.vm with loader org.apache.velocity.runtime.resource.loader.FileResourceLoader
2019-02-13 05:23:12,912 - ResourceManager : found vtl/action/ajax/messages.vm with loader org.apache.velocity.runtime.resource.loader.FileResourceLoader
2019-02-13 05:23:12,929 - ResourceManager : found app/form-login.vm with loader org.apache.velocity.runtime.resource.loader.FileResourceLoader
2019-02-13 05:25:17,752 - SimpleLog4JLogSystem initialized using logfile '/Users/Admin/eclipse-workspace/accountmy/WebContent/velocity.log'
2019-02-13 05:25:17,753 - *******************************************************************
2019-02-13 05:25:17,753 - Starting Apache Velocity v1.5 (compiled: 2007-02-22 08:52:29)
2019-02-13 05:25:17,753 - RuntimeInstance initializing.
2019-02-13 05:25:17,753 - Default Properties File: org/apache/velocity/runtime/defaults/velocity.properties
2019-02-13 05:25:17,753 - Trying to use logger class org.apache.velocity.runtime.log.AvalonLogSystem
2019-02-13 05:25:17,753 - Couldn't find class org.apache.velocity.runtime.log.AvalonLogSystem or necessary supporting classes in classpath.
2019-02-13 05:25:17,756 - java.lang.NoClassDefFoundError: org/apache/log/format/Formatter
	at java.lang.Class.forName0(Native Method)
	at java.lang.Class.forName(Class.java:348)
	at org.apache.velocity.util.ClassUtils.getClass(ClassUtils.java:63)
	at org.apache.velocity.util.ClassUtils.getNewInstance(ClassUtils.java:95)
	at org.apache.velocity.runtime.log.LogManager.createLogChute(LogManager.java:147)
	at org.apache.velocity.runtime.log.LogManager.updateLog(LogManager.java:208)
	at org.apache.velocity.runtime.RuntimeInstance.initializeLog(RuntimeInstance.java:728)
	at org.apache.velocity.runtime.RuntimeInstance.init(RuntimeInstance.java:240)
	at org.apache.velocity.runtime.RuntimeInstance.init(RuntimeInstance.java:534)
	at org.apache.velocity.app.VelocityEngine.init(VelocityEngine.java:144)
	at lebah.portal.velocity.VelocityEngineHolder.<init>(VelocityEngineHolder.java:24)
	at lebah.portal.velocity.VelocityEngineHolder.getInstance(VelocityEngineHolder.java:28)
	at lebah.portal.velocity.VServlet.initVelocity(VServlet.java:59)
	at fwd.main.AppController.doPost(AppController.java:54)
	at fwd.main.AppController.doGet(AppController.java:35)
	at javax.servlet.http.HttpServlet.service(HttpServlet.java:634)
	at javax.servlet.http.HttpServlet.service(HttpServlet.java:741)
	at org.apache.catalina.core.ApplicationFilterChain.internalDoFilter(ApplicationFilterChain.java:231)
	at org.apache.catalina.core.ApplicationFilterChain.doFilter(ApplicationFilterChain.java:166)
	at org.apache.tomcat.websocket.server.WsFilter.doFilter(WsFilter.java:53)
	at org.apache.catalina.core.ApplicationFilterChain.internalDoFilter(ApplicationFilterChain.java:193)
	at org.apache.catalina.core.ApplicationFilterChain.doFilter(ApplicationFilterChain.java:166)
	at org.apache.catalina.core.StandardWrapperValve.invoke(StandardWrapperValve.java:199)
	at org.apache.catalina.core.StandardContextValve.invoke(StandardContextValve.java:96)
	at org.apache.catalina.authenticator.AuthenticatorBase.invoke(AuthenticatorBase.java:490)
	at org.apache.catalina.core.StandardHostValve.invoke(StandardHostValve.java:139)
	at org.apache.catalina.valves.ErrorReportValve.invoke(ErrorReportValve.java:92)
	at org.apache.catalina.valves.AbstractAccessLogValve.invoke(AbstractAccessLogValve.java:668)
	at org.apache.catalina.core.StandardEngineValve.invoke(StandardEngineValve.java:74)
	at org.apache.catalina.connector.CoyoteAdapter.service(CoyoteAdapter.java:343)
	at org.apache.coyote.http11.Http11Processor.service(Http11Processor.java:408)
	at org.apache.coyote.AbstractProcessorLight.process(AbstractProcessorLight.java:66)
	at org.apache.coyote.AbstractProtocol$ConnectionHandler.process(AbstractProtocol.java:791)
	at org.apache.tomcat.util.net.NioEndpoint$SocketProcessor.doRun(NioEndpoint.java:1417)
	at org.apache.tomcat.util.net.SocketProcessorBase.run(SocketProcessorBase.java:49)
	at java.util.concurrent.ThreadPoolExecutor.runWorker(ThreadPoolExecutor.java:1142)
	at java.util.concurrent.ThreadPoolExecutor$Worker.run(ThreadPoolExecutor.java:617)
	at org.apache.tomcat.util.threads.TaskThread$WrappingRunnable.run(TaskThread.java:61)
	at java.lang.Thread.run(Thread.java:745)
Caused by: java.lang.ClassNotFoundException: org.apache.log.format.Formatter
	at org.apache.catalina.loader.WebappClassLoaderBase.loadClass(WebappClassLoaderBase.java:1328)
	at org.apache.catalina.loader.WebappClassLoaderBase.loadClass(WebappClassLoaderBase.java:1157)
	... 39 more

2019-02-13 05:25:17,756 - Trying to use logger class org.apache.velocity.runtime.log.SimpleLog4JLogSystem
2019-02-13 05:25:17,756 - LogSystem has been deprecated. Please use a LogChute implementation.
2019-02-13 05:25:17,761 - Default ResourceManager initializing. (class org.apache.velocity.runtime.resource.ResourceManagerImpl)
2019-02-13 05:25:17,768 - ResourceLoader instantiated: org.apache.velocity.runtime.resource.loader.FileResourceLoader
2019-02-13 05:25:17,771 - FileResourceLoader : initialization starting.
2019-02-13 05:25:17,771 - Do unicode file recognition:  false
2019-02-13 05:25:17,771 - FileResourceLoader : adding path '/Users/Admin/eclipse-workspace/accountmy/WebContent'
2019-02-13 05:25:17,771 - FileResourceLoader : initialization complete.
2019-02-13 05:25:17,792 - ResourceCache: initialized (class org.apache.velocity.runtime.resource.ResourceCacheImpl)
2019-02-13 05:25:17,792 - Default ResourceManager initialization complete.
2019-02-13 05:25:17,795 - Loaded System Directive: org.apache.velocity.runtime.directive.Literal
2019-02-13 05:25:17,798 - Loaded System Directive: org.apache.velocity.runtime.directive.Macro
2019-02-13 05:25:17,802 - Loaded System Directive: org.apache.velocity.runtime.directive.Parse
2019-02-13 05:25:17,805 - Loaded System Directive: org.apache.velocity.runtime.directive.Include
2019-02-13 05:25:17,806 - Loaded System Directive: org.apache.velocity.runtime.directive.Foreach
2019-02-13 05:25:17,899 - Created '20' parsers.
2019-02-13 05:25:17,915 - Velocimacro : initialization starting.
2019-02-13 05:25:17,915 - Velocimacro : "velocimacro.library" is not set.  Trying default library: VM_global_library.vm
2019-02-13 05:25:17,916 - Velocimacro : Default library not found.
2019-02-13 05:25:17,916 - Velocimacro : allowInline = true : VMs can be defined inline in templates
2019-02-13 05:25:17,916 - Velocimacro : allowInlineToOverride = false : VMs defined inline may NOT replace previous VM definitions
2019-02-13 05:25:17,916 - Velocimacro : allowInlineLocal = false : VMs defined inline will be global in scope if allowed.
2019-02-13 05:25:17,916 - Velocimacro : autoload off : VM system will not automatically reload global library macros
2019-02-13 05:25:17,916 - Velocimacro : Velocimacro : initialization complete.
2019-02-13 05:25:17,916 - RuntimeInstance successfully initialized.
2019-02-13 05:25:17,929 - ResourceManager : found vtl/main/title.vm with loader org.apache.velocity.runtime.resource.loader.FileResourceLoader
2019-02-13 05:25:17,951 - ResourceManager : found vtl/main/js_css.vm with loader org.apache.velocity.runtime.resource.loader.FileResourceLoader
2019-02-13 05:25:17,965 - Null reference [template 'vtl/main/js_css.vm', line 41, column 5] : $j cannot be resolved.
2019-02-13 05:25:17,965 - Null reference [template 'vtl/main/js_css.vm', line 205, column 16] : ${serverUrl} cannot be resolved.
2019-02-13 05:25:20,241 - ResourceManager : found vtl/ajax/ajax_main.vm with loader org.apache.velocity.runtime.resource.loader.FileResourceLoader
2019-02-13 05:25:20,265 - ResourceManager : found vtl/action/ajax/main.vm with loader org.apache.velocity.runtime.resource.loader.FileResourceLoader
2019-02-13 05:25:20,266 - ResourceManager : found vtl/action/ajax/messages.vm with loader org.apache.velocity.runtime.resource.loader.FileResourceLoader
2019-02-13 05:25:20,275 - ResourceManager : found app/start.vm with loader org.apache.velocity.runtime.resource.loader.FileResourceLoader
2019-02-13 05:25:20,276 - ResourceManager : found app/login.vm with loader org.apache.velocity.runtime.resource.loader.FileResourceLoader
2019-02-13 05:25:20,277 - ResourceManager : found app/bottom-menu.vm with loader org.apache.velocity.runtime.resource.loader.FileResourceLoader
2019-02-13 05:25:20,453 - ResourceManager : found vtl/main/title.vm with loader org.apache.velocity.runtime.resource.loader.FileResourceLoader
2019-02-13 05:25:20,459 - ResourceManager : found vtl/main/js_css.vm with loader org.apache.velocity.runtime.resource.loader.FileResourceLoader
2019-02-13 05:25:20,459 - Null reference [template 'vtl/main/js_css.vm', line 41, column 5] : $j cannot be resolved.
2019-02-13 05:25:20,460 - Null reference [template 'vtl/main/js_css.vm', line 205, column 16] : ${serverUrl} cannot be resolved.
2019-02-13 05:25:20,469 - ResourceManager : found vtl/ajax/ajax_main.vm with loader org.apache.velocity.runtime.resource.loader.FileResourceLoader
2019-02-13 05:25:20,476 - ResourceManager : found vtl/action/ajax/main.vm with loader org.apache.velocity.runtime.resource.loader.FileResourceLoader
2019-02-13 05:25:20,478 - ResourceManager : found vtl/action/ajax/messages.vm with loader org.apache.velocity.runtime.resource.loader.FileResourceLoader
2019-02-13 05:25:20,480 - ResourceManager : found app/hello.vm with loader org.apache.velocity.runtime.resource.loader.FileResourceLoader
2019-02-13 05:25:20,482 - ResourceManager : found app/omg.vm with loader org.apache.velocity.runtime.resource.loader.FileResourceLoader
2019-02-13 05:25:20,561 - ResourceManager : found vtl/ajax/div_main.vm with loader org.apache.velocity.runtime.resource.loader.FileResourceLoader
2019-02-13 05:25:20,566 - ResourceManager : found vtl/action/ajax/main.vm with loader org.apache.velocity.runtime.resource.loader.FileResourceLoader
2019-02-13 05:25:20,567 - ResourceManager : found vtl/action/ajax/messages.vm with loader org.apache.velocity.runtime.resource.loader.FileResourceLoader
2019-02-13 05:25:20,570 - ResourceManager : found app/form-login.vm with loader org.apache.velocity.runtime.resource.loader.FileResourceLoader
2019-02-13 05:25:28,486 - ResourceManager : found vtl/ajax/div_main.vm with loader org.apache.velocity.runtime.resource.loader.FileResourceLoader
2019-02-13 05:25:28,490 - ResourceManager : found vtl/action/ajax/main.vm with loader org.apache.velocity.runtime.resource.loader.FileResourceLoader
2019-02-13 05:25:28,491 - ResourceManager : found vtl/action/ajax/messages.vm with loader org.apache.velocity.runtime.resource.loader.FileResourceLoader
2019-02-13 05:25:28,492 - ResourceManager : found app/loginSubmit.vm with loader org.apache.velocity.runtime.resource.loader.FileResourceLoader
2019-02-13 05:25:28,524 - ResourceManager : found vtl/main/title.vm with loader org.apache.velocity.runtime.resource.loader.FileResourceLoader
2019-02-13 05:25:28,528 - ResourceManager : found vtl/main/js_css.vm with loader org.apache.velocity.runtime.resource.loader.FileResourceLoader
2019-02-13 05:25:28,528 - Null reference [template 'vtl/main/js_css.vm', line 41, column 5] : $j cannot be resolved.
2019-02-13 05:25:28,529 - Null reference [template 'vtl/main/js_css.vm', line 205, column 16] : ${serverUrl} cannot be resolved.
2019-02-13 05:25:28,538 - ResourceManager : found vtl/ajax/ajax_main.vm with loader org.apache.velocity.runtime.resource.loader.FileResourceLoader
2019-02-13 05:25:28,550 - ResourceManager : found vtl/action/ajax/main.vm with loader org.apache.velocity.runtime.resource.loader.FileResourceLoader
2019-02-13 05:25:28,551 - ResourceManager : found vtl/action/ajax/messages.vm with loader org.apache.velocity.runtime.resource.loader.FileResourceLoader
2019-02-13 05:25:28,553 - ResourceManager : found app/start.vm with loader org.apache.velocity.runtime.resource.loader.FileResourceLoader
2019-02-13 05:25:28,554 - ResourceManager : found app/top-menu.vm with loader org.apache.velocity.runtime.resource.loader.FileResourceLoader
2019-02-13 05:25:28,556 - ResourceManager : found app/top-menu-acct-only.vm with loader org.apache.velocity.runtime.resource.loader.FileResourceLoader
2019-02-13 05:25:28,557 - ResourceManager : found app/bottom-menu.vm with loader org.apache.velocity.runtime.resource.loader.FileResourceLoader
2019-02-13 05:25:28,722 - ResourceManager : found vtl/main/title.vm with loader org.apache.velocity.runtime.resource.loader.FileResourceLoader
2019-02-13 05:25:28,725 - ResourceManager : found vtl/main/js_css.vm with loader org.apache.velocity.runtime.resource.loader.FileResourceLoader
2019-02-13 05:25:28,725 - Null reference [template 'vtl/main/js_css.vm', line 41, column 5] : $j cannot be resolved.
2019-02-13 05:25:28,725 - Null reference [template 'vtl/main/js_css.vm', line 205, column 16] : ${serverUrl} cannot be resolved.
2019-02-13 05:25:28,776 - ResourceManager : found vtl/ajax/ajax_main.vm with loader org.apache.velocity.runtime.resource.loader.FileResourceLoader
2019-02-13 05:25:28,779 - ResourceManager : found vtl/action/ajax/main.vm with loader org.apache.velocity.runtime.resource.loader.FileResourceLoader
2019-02-13 05:25:28,780 - ResourceManager : found vtl/action/ajax/messages.vm with loader org.apache.velocity.runtime.resource.loader.FileResourceLoader
2019-02-13 05:25:28,788 - ResourceManager : found app_busim/welcome/start.vm with loader org.apache.velocity.runtime.resource.loader.FileResourceLoader
2019-02-13 05:25:34,277 - ResourceManager : found vtl/main/title.vm with loader org.apache.velocity.runtime.resource.loader.FileResourceLoader
2019-02-13 05:25:34,279 - ResourceManager : found vtl/main/js_css.vm with loader org.apache.velocity.runtime.resource.loader.FileResourceLoader
2019-02-13 05:25:34,279 - Null reference [template 'vtl/main/js_css.vm', line 41, column 5] : $j cannot be resolved.
2019-02-13 05:25:34,279 - Null reference [template 'vtl/main/js_css.vm', line 205, column 16] : ${serverUrl} cannot be resolved.
2019-02-13 05:25:34,435 - ResourceManager : found vtl/ajax/ajax_main.vm with loader org.apache.velocity.runtime.resource.loader.FileResourceLoader
2019-02-13 05:25:34,438 - ResourceManager : found vtl/action/ajax/main.vm with loader org.apache.velocity.runtime.resource.loader.FileResourceLoader
2019-02-13 05:25:34,439 - ResourceManager : found vtl/action/ajax/messages.vm with loader org.apache.velocity.runtime.resource.loader.FileResourceLoader
2019-02-13 05:25:34,486 - ResourceManager : found app_busim/setupAccountChart/start.vm with loader org.apache.velocity.runtime.resource.loader.FileResourceLoader
2019-02-13 05:25:34,501 - Velocimacro : added #listaccounts(  account ) : source = app_busim/setupAccountChart/accounts.vm
2019-02-13 05:25:34,513 - ResourceManager : found app_busim/setupAccountChart/accounts.vm with loader org.apache.velocity.runtime.resource.loader.FileResourceLoader
2019-02-13 05:25:48,271 - ResourceManager : found vtl/ajax/div_main.vm with loader org.apache.velocity.runtime.resource.loader.FileResourceLoader
2019-02-13 05:25:48,276 - ResourceManager : found vtl/action/ajax/main.vm with loader org.apache.velocity.runtime.resource.loader.FileResourceLoader
2019-02-13 05:25:48,277 - ResourceManager : found vtl/action/ajax/messages.vm with loader org.apache.velocity.runtime.resource.loader.FileResourceLoader
2019-02-13 05:25:48,327 - ResourceManager : found app_busim/setupAccountChart/accountChart.vm with loader org.apache.velocity.runtime.resource.loader.FileResourceLoader
2019-02-13 05:25:53,942 - ResourceManager : found vtl/ajax/div_main.vm with loader org.apache.velocity.runtime.resource.loader.FileResourceLoader
2019-02-13 05:25:53,946 - ResourceManager : found vtl/action/ajax/main.vm with loader org.apache.velocity.runtime.resource.loader.FileResourceLoader
2019-02-13 05:25:53,947 - ResourceManager : found vtl/action/ajax/messages.vm with loader org.apache.velocity.runtime.resource.loader.FileResourceLoader
2019-02-13 05:25:53,948 - Velocimacro : VM addition rejected : listaccounts : inline not allowed to replace existing VM
2019-02-13 05:25:53,948 - Failed to add macro: #listaccounts(  account ) : source = app_busim/setupAccountChart/accounts.vm
2019-02-13 05:25:53,962 - ResourceManager : found app_busim/setupAccountChart/accounts.vm with loader org.apache.velocity.runtime.resource.loader.FileResourceLoader
2019-02-13 05:29:49,337 - ResourceManager : found vtl/ajax/div_main.vm with loader org.apache.velocity.runtime.resource.loader.FileResourceLoader
2019-02-13 05:29:49,349 - ResourceManager : found vtl/action/ajax/main.vm with loader org.apache.velocity.runtime.resource.loader.FileResourceLoader
2019-02-13 05:29:49,350 - ResourceManager : found vtl/action/ajax/messages.vm with loader org.apache.velocity.runtime.resource.loader.FileResourceLoader
2019-02-13 05:29:49,359 - ResourceManager : found app_busim/setupAccountChart/accountChart.vm with loader org.apache.velocity.runtime.resource.loader.FileResourceLoader
2019-02-13 05:31:39,093 - ResourceManager : found vtl/ajax/div_main.vm with loader org.apache.velocity.runtime.resource.loader.FileResourceLoader
2019-02-13 05:31:39,105 - ResourceManager : found vtl/action/ajax/main.vm with loader org.apache.velocity.runtime.resource.loader.FileResourceLoader
2019-02-13 05:31:39,106 - ResourceManager : found vtl/action/ajax/messages.vm with loader org.apache.velocity.runtime.resource.loader.FileResourceLoader
2019-02-13 05:31:39,114 - Velocimacro : VM addition rejected : listaccounts : inline not allowed to replace existing VM
2019-02-13 05:31:39,114 - Failed to add macro: #listaccounts(  account ) : source = app_busim/setupAccountChart/accounts.vm
2019-02-13 05:31:39,117 - ResourceManager : found app_busim/setupAccountChart/accounts.vm with loader org.apache.velocity.runtime.resource.loader.FileResourceLoader
2019-02-13 05:32:02,249 - ResourceManager : found vtl/ajax/div_main.vm with loader org.apache.velocity.runtime.resource.loader.FileResourceLoader
2019-02-13 05:32:02,253 - ResourceManager : found vtl/action/ajax/main.vm with loader org.apache.velocity.runtime.resource.loader.FileResourceLoader
2019-02-13 05:32:02,255 - ResourceManager : found vtl/action/ajax/messages.vm with loader org.apache.velocity.runtime.resource.loader.FileResourceLoader
2019-02-13 05:32:02,296 - ResourceManager : found app_busim/setupAccountChart/accountChart.vm with loader org.apache.velocity.runtime.resource.loader.FileResourceLoader
2019-02-13 05:37:50,224 - ResourceManager : found vtl/ajax/div_main.vm with loader org.apache.velocity.runtime.resource.loader.FileResourceLoader
2019-02-13 05:37:50,278 - ResourceManager : found vtl/action/ajax/main.vm with loader org.apache.velocity.runtime.resource.loader.FileResourceLoader
2019-02-13 05:37:50,279 - ResourceManager : found vtl/action/ajax/messages.vm with loader org.apache.velocity.runtime.resource.loader.FileResourceLoader
2019-02-13 05:37:50,289 - Velocimacro : VM addition rejected : listaccounts : inline not allowed to replace existing VM
2019-02-13 05:37:50,289 - Failed to add macro: #listaccounts(  account ) : source = app_busim/setupAccountChart/accounts.vm
2019-02-13 05:37:50,291 - ResourceManager : found app_busim/setupAccountChart/accounts.vm with loader org.apache.velocity.runtime.resource.loader.FileResourceLoader
2019-02-13 05:38:00,073 - ResourceManager : found vtl/ajax/div_main.vm with loader org.apache.velocity.runtime.resource.loader.FileResourceLoader
2019-02-13 05:38:00,075 - ResourceManager : found vtl/action/ajax/main.vm with loader org.apache.velocity.runtime.resource.loader.FileResourceLoader
2019-02-13 05:38:00,076 - ResourceManager : found vtl/action/ajax/messages.vm with loader org.apache.velocity.runtime.resource.loader.FileResourceLoader
2019-02-13 05:38:00,120 - ResourceManager : found app_busim/setupAccountChart/accountChart.vm with loader org.apache.velocity.runtime.resource.loader.FileResourceLoader
2019-02-13 05:38:35,204 - ResourceManager : found vtl/ajax/div_main.vm with loader org.apache.velocity.runtime.resource.loader.FileResourceLoader
2019-02-13 05:38:35,207 - ResourceManager : found vtl/action/ajax/main.vm with loader org.apache.velocity.runtime.resource.loader.FileResourceLoader
2019-02-13 05:38:35,208 - ResourceManager : found vtl/action/ajax/messages.vm with loader org.apache.velocity.runtime.resource.loader.FileResourceLoader
2019-02-13 05:38:35,208 - Velocimacro : VM addition rejected : listaccounts : inline not allowed to replace existing VM
2019-02-13 05:38:35,208 - Failed to add macro: #listaccounts(  account ) : source = app_busim/setupAccountChart/accounts.vm
2019-02-13 05:38:35,211 - ResourceManager : found app_busim/setupAccountChart/accounts.vm with loader org.apache.velocity.runtime.resource.loader.FileResourceLoader
2019-02-13 05:39:11,007 - ResourceManager : found vtl/ajax/div_main.vm with loader org.apache.velocity.runtime.resource.loader.FileResourceLoader
2019-02-13 05:39:11,012 - ResourceManager : found vtl/action/ajax/main.vm with loader org.apache.velocity.runtime.resource.loader.FileResourceLoader
2019-02-13 05:39:11,013 - ResourceManager : found vtl/action/ajax/messages.vm with loader org.apache.velocity.runtime.resource.loader.FileResourceLoader
2019-02-13 05:39:11,014 - ResourceManager : found app_busim/setupAccountChart/accountChart.vm with loader org.apache.velocity.runtime.resource.loader.FileResourceLoader
2019-02-13 05:39:57,200 - ResourceManager : found vtl/ajax/div_main.vm with loader org.apache.velocity.runtime.resource.loader.FileResourceLoader
2019-02-13 05:39:57,202 - ResourceManager : found vtl/action/ajax/main.vm with loader org.apache.velocity.runtime.resource.loader.FileResourceLoader
2019-02-13 05:39:57,202 - ResourceManager : found vtl/action/ajax/messages.vm with loader org.apache.velocity.runtime.resource.loader.FileResourceLoader
2019-02-13 05:39:57,205 - Velocimacro : VM addition rejected : listaccounts : inline not allowed to replace existing VM
2019-02-13 05:39:57,205 - Failed to add macro: #listaccounts(  account ) : source = app_busim/setupAccountChart/accounts.vm
2019-02-13 05:39:57,208 - ResourceManager : found app_busim/setupAccountChart/accounts.vm with loader org.apache.velocity.runtime.resource.loader.FileResourceLoader
2019-02-13 05:51:00,524 - ResourceManager : found vtl/main/title.vm with loader org.apache.velocity.runtime.resource.loader.FileResourceLoader
2019-02-13 05:51:00,537 - ResourceManager : found vtl/main/js_css.vm with loader org.apache.velocity.runtime.resource.loader.FileResourceLoader
2019-02-13 05:51:00,538 - Null reference [template 'vtl/main/js_css.vm', line 41, column 5] : $j cannot be resolved.
2019-02-13 05:51:00,538 - Null reference [template 'vtl/main/js_css.vm', line 205, column 16] : ${serverUrl} cannot be resolved.
2019-02-13 05:51:00,692 - ResourceManager : found vtl/ajax/ajax_main.vm with loader org.apache.velocity.runtime.resource.loader.FileResourceLoader
2019-02-13 05:51:00,694 - ResourceManager : found vtl/action/ajax/main.vm with loader org.apache.velocity.runtime.resource.loader.FileResourceLoader
2019-02-13 05:51:00,695 - ResourceManager : found vtl/action/ajax/messages.vm with loader org.apache.velocity.runtime.resource.loader.FileResourceLoader
2019-02-13 05:51:00,703 - ResourceManager : found app_busim/journalEntry/start.vm with loader org.apache.velocity.runtime.resource.loader.FileResourceLoader
2019-02-13 05:51:00,727 - ResourceManager : found app_busim/journalEntry/journals.vm with loader org.apache.velocity.runtime.resource.loader.FileResourceLoader
2019-02-13 05:51:03,886 - ResourceManager : found vtl/ajax/div_main.vm with loader org.apache.velocity.runtime.resource.loader.FileResourceLoader
2019-02-13 05:51:03,889 - ResourceManager : found vtl/action/ajax/main.vm with loader org.apache.velocity.runtime.resource.loader.FileResourceLoader
2019-02-13 05:51:03,889 - ResourceManager : found vtl/action/ajax/messages.vm with loader org.apache.velocity.runtime.resource.loader.FileResourceLoader
2019-02-13 05:51:03,947 - ResourceManager : found app_busim/journalEntry/journal.vm with loader org.apache.velocity.runtime.resource.loader.FileResourceLoader
2019-02-13 05:51:03,972 - ResourceManager : found app_busim/journalEntry/items.vm with loader org.apache.velocity.runtime.resource.loader.FileResourceLoader
2019-02-13 05:51:14,425 - ResourceManager : found vtl/ajax/div_main.vm with loader org.apache.velocity.runtime.resource.loader.FileResourceLoader
2019-02-13 05:51:14,429 - ResourceManager : found vtl/action/ajax/main.vm with loader org.apache.velocity.runtime.resource.loader.FileResourceLoader
2019-02-13 05:51:14,429 - ResourceManager : found vtl/action/ajax/messages.vm with loader org.apache.velocity.runtime.resource.loader.FileResourceLoader
2019-02-13 05:51:14,452 - ResourceManager : found app_busim/journalEntry/transaction.vm with loader org.apache.velocity.runtime.resource.loader.FileResourceLoader
2019-02-13 05:51:18,562 - ResourceManager : found vtl/ajax/div_main.vm with loader org.apache.velocity.runtime.resource.loader.FileResourceLoader
2019-02-13 05:51:18,565 - ResourceManager : found vtl/action/ajax/main.vm with loader org.apache.velocity.runtime.resource.loader.FileResourceLoader
2019-02-13 05:51:18,565 - ResourceManager : found vtl/action/ajax/messages.vm with loader org.apache.velocity.runtime.resource.loader.FileResourceLoader
2019-02-13 05:51:18,567 - ResourceManager : found app_busim/journalEntry/transaction.vm with loader org.apache.velocity.runtime.resource.loader.FileResourceLoader
